<?xml version="1.0" encoding="UTF-8"?>
<!-- Generated by org.testng.reporters.JUnitXMLReporter -->
<testsuite ignored="0" hostname="KarinyPC.local" failures="1" tests="1" name="Run All" time="5.807" errors="0" timestamp="2024-08-01T20:18:06 PDT">
  <testcase classname="test.AdvantageDemoTest" name="newAccount" time="4.444">
    <failure type="java.lang.AssertionError" message="expected [https://www.advantageonlineshopping.com/#/register] but found [https://www.advantageonlineshopping.com/#/]">
      <![CDATA[java.lang.AssertionError: expected [https://www.advantageonlineshopping.com/#/register] but found [https://www.advantageonlineshopping.com/#/]
at test.AdvantageDemoTest.newAccount(AdvantageDemoTest.java:27)
at java.base/java.util.ArrayList.forEach(ArrayList.java:1596)
... Removed 31 stack frames]]>
    </failure>
  </testcase> <!-- newAccount -->
</testsuite> <!-- Run All -->
