<?xml version="1.0" encoding="UTF-8"?>
<testng-results ignored="0" total="1" passed="0" failed="1" skipped="0">
  <reporter-output>
  </reporter-output>
  <suite started-at="2024-08-01T20:18:01 PDT" name="AdvantageDemo Test Suite" finished-at="2024-08-01T20:18:06 PDT" duration-ms="5807">
    <groups>
    </groups>
    <test started-at="2024-08-01T20:18:01 PDT" name="Run All" finished-at="2024-08-01T20:18:06 PDT" duration-ms="5807">
      <class name="test.AdvantageDemoTest">
        <test-method is-config="true" signature="setUp()[pri:0, instance:test.AdvantageDemoTest@3aefe5e5]" started-at="2024-08-01T20:18:01 PDT" name="setUp" finished-at="2024-08-01T20:18:02 PDT" duration-ms="1261" status="PASS">
          <reporter-output>
          </reporter-output>
        </test-method> <!-- setUp -->
        <test-method signature="newAccount(java.lang.String,java.lang.String,java.lang.String,java.lang.String,java.lang.String,java.lang.String,java.lang.String,java.lang.String,java.lang.String)[pri:0, instance:test.AdvantageDemoTest@3aefe5e5]" started-at="2024-08-01T20:18:02 PDT" name="newAccount" finished-at="2024-08-01T20:18:06 PDT" duration-ms="4444" status="FAIL">
          <params>
            <param index="0">
              <value>
                <![CDATA[https://www.advantageonlineshopping.com/#/]]>
              </value>
            </param>
            <param index="1">
              <value>
                <![CDATA[testdemoauto8]]>
              </value>
            </param>
            <param index="2">
              <value>
                <![CDATA[Test12345]]>
              </value>
            </param>
            <param index="3">
              <value>
                <![CDATA[testdemoauto@example.com]]>
              </value>
            </param>
            <param index="4">
              <value>
                <![CDATA[test]]>
              </value>
            </param>
            <param index="5">
              <value>
                <![CDATA[demoauto]]>
              </value>
            </param>
            <param index="6">
              <value>
                <![CDATA[Aruba]]>
              </value>
            </param>
            <param index="7">
              <value>
                <![CDATA[Example]]>
              </value>
            </param>
            <param index="8">
              <value>
                <![CDATA[https://www.advantageonlineshopping.com/#/register]]>
              </value>
            </param>
          </params>
          <exception class="java.lang.AssertionError">
            <message>
              <![CDATA[expected [https://www.advantageonlineshopping.com/#/register] but found [https://www.advantageonlineshopping.com/#/]]]>
            </message>
            <full-stacktrace>
              <![CDATA[java.lang.AssertionError: expected [https://www.advantageonlineshopping.com/#/register] but found [https://www.advantageonlineshopping.com/#/]
at org.testng.Assert.fail(Assert.java:99)
at org.testng.Assert.failNotEquals(Assert.java:1037)
at org.testng.Assert.assertEqualsImpl(Assert.java:140)
at org.testng.Assert.assertEquals(Assert.java:122)
at org.testng.Assert.assertEquals(Assert.java:629)
at org.testng.Assert.assertEquals(Assert.java:639)
at test.AdvantageDemoTest.newAccount(AdvantageDemoTest.java:27)
at java.base/jdk.internal.reflect.DirectMethodHandleAccessor.invoke(DirectMethodHandleAccessor.java:103)
at java.base/java.lang.reflect.Method.invoke(Method.java:580)
at org.testng.internal.MethodInvocationHelper.invokeMethod(MethodInvocationHelper.java:133)
at org.testng.internal.TestInvoker.invokeMethod(TestInvoker.java:598)
at org.testng.internal.TestInvoker.invokeTestMethod(TestInvoker.java:173)
at org.testng.internal.MethodRunner.runInSequence(MethodRunner.java:46)
at org.testng.internal.TestInvoker$MethodInvocationAgent.invoke(TestInvoker.java:824)
at org.testng.internal.TestInvoker.invokeTestMethods(TestInvoker.java:146)
at org.testng.internal.TestMethodWorker.invokeTestMethods(TestMethodWorker.java:146)
at org.testng.internal.TestMethodWorker.run(TestMethodWorker.java:128)
at java.base/java.util.ArrayList.forEach(ArrayList.java:1596)
at org.testng.TestRunner.privateRun(TestRunner.java:794)
at org.testng.TestRunner.run(TestRunner.java:596)
at org.testng.SuiteRunner.runTest(SuiteRunner.java:377)
at org.testng.SuiteRunner.runSequentially(SuiteRunner.java:371)
at org.testng.SuiteRunner.privateRun(SuiteRunner.java:332)
at org.testng.SuiteRunner.run(SuiteRunner.java:276)
at org.testng.SuiteRunnerWorker.runSuite(SuiteRunnerWorker.java:53)
at org.testng.SuiteRunnerWorker.run(SuiteRunnerWorker.java:96)
at org.testng.TestNG.runSuitesSequentially(TestNG.java:1212)
at org.testng.TestNG.runSuitesLocally(TestNG.java:1134)
at org.testng.TestNG.runSuites(TestNG.java:1063)
at org.testng.TestNG.run(TestNG.java:1031)
at org.testng.remote.AbstractRemoteTestNG.run(AbstractRemoteTestNG.java:115)
at org.testng.remote.RemoteTestNG.initAndRun(RemoteTestNG.java:293)
at org.testng.remote.RemoteTestNG.main(RemoteTestNG.java:91)
]]>
            </full-stacktrace>
          </exception> <!-- java.lang.AssertionError -->
          <reporter-output>
          </reporter-output>
        </test-method> <!-- newAccount -->
        <test-method is-config="true" signature="tearDown()[pri:0, instance:test.AdvantageDemoTest@3aefe5e5]" started-at="2024-08-01T20:18:06 PDT" name="tearDown" finished-at="2024-08-01T20:18:06 PDT" duration-ms="89" status="PASS">
          <reporter-output>
          </reporter-output>
        </test-method> <!-- tearDown -->
      </class> <!-- test.AdvantageDemoTest -->
    </test> <!-- Run All -->
  </suite> <!-- AdvantageDemo Test Suite -->
</testng-results>
